          50   1.20500475E-03
         100   4.13100421E-03
         150   1.20010003E-02
         200   2.61570066E-02
         250   4.85859960E-02
         300   8.09130073E-02
         350  0.124711990    
         400  0.191738993    
         450  0.264495969    
         500  0.352730989    
         550  0.453101039    
         600  0.582194924    
         650  0.733979940    
         700  0.910867929    
         750   1.11402702    
         800   1.34789133    
         850   1.61133623    
         900   1.91521740    
         950   2.25666237    
        1000   2.62032032    
        1050   3.01519299    
        1100   3.45967484    
        1150   3.95423889    
        1200   4.47406387    
        1250   5.05768776    
        1300   5.67609024    
        1350   6.36434937    
        1400   7.07461929    
        1450   7.87022781    
        1500   8.69475937    
        1550   9.60855103    
        1600   10.5488968    
        1650   11.5798264    
        1700   12.6410294    
        1750   13.8107681    
        1800   14.9996643    
        1850   16.3183746    
        1900   17.6377716    
        1950   19.1092072    
        2000   20.5704346    
        2050   22.1963654    
        2100   23.8193207    
        2150   25.6203918    
        2200   27.3694763    
        2250   29.3535461    
        2300   31.2488098    
        2350   33.4187317    
        2400   35.4714050    
        2450   37.8171387    
        2500   40.0487671    
        2550   42.5963135    
        2600   44.9707642    
        2650   47.7537842    
        2700   50.3127441    
        2750   53.2885132    
        2800   56.0270386    
        2850   59.2478638    
        2900   62.1868286    
        2950   65.6895142    
        3000   68.7503662    
        3050   72.4556885    
        3100   75.7794189    
        3150   79.7718506    
        3200   83.2592773    
        3250   87.5148926    
        3300   91.2058105    
        3350   95.7539062    
        3400   99.6214600    
        3450   104.487671    
        3500   108.558105    
        3550   113.717163    
        3600   117.996338    
        3650   123.419189    
        3700   127.992920    
        3750   133.685791    
        3800   138.475342    
        3850   144.462646    
        3900   149.576416    
        3950   155.722900    
        4000   161.181152    
        4050   167.655762    
        4100   173.452148    
        4150   180.239990    
        4200   186.344238    
        4250   193.466309    
        4300   199.813477    
        4350   207.241699    
        4400   213.832031    
        4450   221.694824    
        4500   228.640137    
        4550   236.756836    
        4600   244.039062    
        4650   252.592285    
        4700   260.117188    
        4750   269.019043    
        4800   276.799316    
        4850   286.126953    
        4900   294.318848    
        4950   303.932617    
        5000   312.462402    
