          50   2.30400264E-03
         100   3.41700017E-03
         150   6.89399242E-03
         200   1.21469945E-02
         250   1.94640011E-02
         300   3.07559967E-02
         350   4.44110036E-02
         400   6.15069866E-02
         450   8.45569968E-02
         500  0.112603009    
         550  0.140838027    
         600  0.179677963    
         650  0.244768083    
         700  0.268929005    
         750  0.329406977    
         800  0.407001972    
         850  0.463500023    
         900  0.539823055    
         950  0.622734785    
        1000  0.731503010    
        1050  0.835135937    
        1100  0.957575798    
        1150   1.06724691    
        1200   1.21130610    
        1250   1.36864853    
        1300   1.52338028    
        1350   1.71015644    
        1400   1.88526630    
        1450   2.07365513    
        1500   2.28940201    
        1550   2.57122040    
        1600   2.79918289    
        1650   3.08164215    
        1700   3.33941078    
        1750   3.61621284    
        1800   3.96601868    
        1850   4.29391479    
        1900   4.60441971    
        1950   5.02800369    
        2000   5.36668777    
        2050   5.75109482    
        2100   6.17012405    
        2150   6.61043549    
        2200   7.05464172    
        2250   7.61499023    
        2300   8.05788422    
        2350   8.54731750    
        2400   9.12304688    
        2450   9.71266174    
        2500   10.3945541    
        2550   10.9892120    
        2600   11.5751953    
        2650   12.2214966    
        2700   12.9365845    
        2750   13.6424255    
        2800   14.4283295    
        2850   15.2392883    
        2900   15.9636993    
        2950   16.7798309    
        3000   17.7064209    
        3050   18.5158386    
        3100   19.5108337    
        3150   20.5933228    
        3200   21.4030151    
        3250   22.4035950    
        3300   23.5636902    
        3350   24.6129761    
        3400   25.6643372    
        3450   26.9250793    
        3500   28.0073853    
        3550   29.0907593    
        3600   30.4135132    
        3650   31.7153931    
        3700   33.0559082    
        3750   34.5266113    
        3800   35.7410278    
        3850   37.1553345    
        3900   38.6843872    
        3950   40.0830078    
        4000   41.6917725    
        4050   43.4461060    
        4100   44.9274292    
        4150   46.6721802    
        4200   48.3594971    
        4250   50.0698242    
        4300   51.9221191    
        4350   53.7458496    
        4400   55.6694336    
        4450   57.4226074    
        4500   59.4399414    
        4550   61.3563232    
        4600   63.3730469    
        4650   65.6765137    
        4700   67.6074219    
        4750   69.7689209    
        4800   72.0970459    
        4850   74.0499268    
        4900   76.5938721    
        4950   79.1107178    
        5000   81.1137695    
