           0
          50   1.28460005E-02
           0
         100   1.47919953E-02
           0
         150   2.12280005E-02
           0
         200   3.37280035E-02
           0
         250   5.36379963E-02
           0
         300   8.03989917E-02
           0
         350  0.116658986    
           0
         400  0.163655013    
           0
         450  0.221581995    
           0
         500  0.297809958    
           0
         550  0.378944993    
           0
         600  0.479191065    
           0
         650  0.597993135    
           0
         700  0.735437870    
           0
         750  0.896460295    
           0
         800   1.07527542    
           0
         850   1.28168774    
           0
         900   1.51225710    
           0
         950   1.76718044    
           0
        1000   2.04668808    
           0
        1050   2.36153507    
           0
        1100   2.70164776    
           0
        1150   3.07895088    
           0
        1200   3.48669815    
           0
        1250   3.91997910    
           0
        1300   4.38988686    
           0
        1350   4.90477371    
           0
        1400   5.44615173    
           0
        1450   6.04858398    
           0
        1500   6.66989136    
           0
        1550   7.34843063    
           0
        1600   8.07777786    
           0
        1650   8.83062744    
           0
        1700   9.63343048    
           0
        1750   10.4941483    
           0
        1800   11.3925400    
           0
        1850   12.3736038    
           0
        1900   13.3748932    
           0
        1950   14.4672852    
           0
        2000   15.5998688    
           0
        2050   16.7639008    
           0
        2100   18.0015717    
           0
        2150   19.3222656    
           0
        2200   20.6568909    
           0
        2250   22.1356201    
           0
        2300   23.6168213    
           0
        2350   25.2120361    
           0
        2400   26.8662720    
           0
        2450   28.5226135    
           0
        2500   30.2469177    
           0
        2550   32.1013184    
           0
        2600   33.9488220    
           0
        2650   35.9703064    
           0
        2700   38.0002747    
           0
        2750   40.1381226    
           0
        2800   42.3945312    
           0
        2850   44.6668091    
           0
        2900   46.9174194    
           0
        2950   49.4263306    
           0
        3000   51.7849731    
           0
        3050   54.4772949    
           0
        3100   57.1442261    
           0
        3150   59.9943237    
           0
        3200   62.9352417    
           0
        3250   65.7250977    
           0
        3300   68.6679688    
           0
        3350   71.8444824    
           0
        3400   74.9500732    
           0
        3450   78.3459473    
           0
        3500   81.6782227    
           0
        3550   85.2532959    
           0
        3600   88.9620361    
           0
        3650   92.5085449    
           0
        3700   96.2770996    
           0
        3750   100.164307    
           0
        3800   103.948242    
           0
        3850   108.260010    
           0
        3900   112.441895    
           0
        3950   116.864258    
           0
        4000   121.295898    
           0
        4050   125.721680    
           0
        4100   130.344482    
           0
        4150   135.186523    
           0
        4200   139.743896    
           0
        4250   144.914307    
           0
        4300   150.009766    
           0
        4350   155.468018    
           0
        4400   160.849609    
           0
        4450   165.912842    
           0
        4500   171.465576    
           0
        4550   177.247070    
           0
        4600   182.720215    
           0
        4650   188.944824    
           0
        4700   194.890137    
           0
        4750   201.395020    
           0
        4800   208.071289    
           0
        4850   214.012207    
           0
        4900   220.329590    
           0
        4950   227.238281    
           0
        5000   233.690430    
