           0
           0
           0
           0
          50   1.59009993E-02
           0
           0
           0
           0
         100   1.91429928E-02
           0
           0
           0
           0
         150   2.46770084E-02
           0
           0
           0
           0
         200   3.33480090E-02
           0
           0
           0
           0
         250   4.45149988E-02
           0
           0
           0
           0
         300   5.91279864E-02
           0
           0
           0
           0
         350   7.52369761E-02
           0
           0
           0
           0
         400   9.46289897E-02
           0
           0
           0
           0
         450  0.125703990    
           0
           0
           0
           0
         500  0.173922956    
           0
           0
           0
           0
         550  0.243605018    
           0
           0
           0
           0
         600  0.300366998    
           0
           0
           0
           0
         650  0.296893001    
           0
           0
           0
           0
         700  0.337980986    
           0
           0
           0
           0
         750  0.363782048    
           0
           0
           0
           0
         800  0.403167963    
           0
           0
           0
           0
         850  0.522142172    
           0
           0
           0
           0
         900  0.712436914    
           0
           0
           0
           0
         950  0.649237156    
           0
           0
           0
           0
        1000  0.696729183    
           0
           0
           0
           0
        1050  0.795637131    
           0
           0
           0
           0
        1100  0.934575081    
           0
           0
           0
           0
        1150   1.08025217    
           0
           0
           0
           0
        1200   1.14067554    
           0
           0
           0
           0
        1250   1.31347466    
           0
           0
           0
           0
        1300   1.38522148    
           0
           0
           0
           0
        1350   1.50824261    
           0
           0
           0
           0
        1400   1.74822712    
           0
           0
           0
           0
        1450   1.93548012    
           0
           0
           0
           0
        1500   2.01770210    
           0
           0
           0
           0
        1550   2.25596046    
           0
           0
           0
           0
        1600   2.47087860    
           0
           0
           0
           0
        1650   2.71599960    
           0
           0
           0
           0
        1700   3.00998306    
           0
           0
           0
           0
        1750   3.20764542    
           0
           0
           0
           0
        1800   3.50609970    
           0
           0
           0
           0
        1850   3.72692871    
           0
           0
           0
           0
        1900   3.92189407    
           0
           0
           0
           0
        1950   4.33333969    
           0
           0
           0
           0
        2000   4.62192154    
           0
           0
           0
           0
        2050   4.96443176    
           0
           0
           0
           0
        2100   5.24676895    
           0
           0
           0
           0
        2150   5.70275497    
           0
           0
           0
           0
        2200   6.29082489    
           0
           0
           0
           0
        2250   6.42481995    
           0
           0
           0
           0
        2300   6.77066040    
           0
           0
           0
           0
        2350   7.11522675    
           0
           0
           0
           0
        2400   7.69389343    
           0
           0
           0
           0
        2450   8.07575989    
           0
           0
           0
           0
        2500   8.44741058    
           0
           0
           0
           0
        2550   8.99808502    
           0
           0
           0
           0
        2600   9.39001465    
           0
           0
           0
           0
        2650   9.89091492    
           0
           0
           0
           0
        2700   10.4516296    
           0
           0
           0
           0
        2750   10.9620819    
           0
           0
           0
           0
        2800   11.6372375    
           0
           0
           0
           0
        2850   12.3532562    
           0
           0
           0
           0
        2900   12.8205109    
           0
           0
           0
           0
        2950   13.4428253    
           0
           0
           0
           0
        3000   14.3240662    
           0
           0
           0
           0
        3050   15.3128510    
           0
           0
           0
           0
        3100   15.7678986    
           0
           0
           0
           0
        3150   16.6368713    
           0
           0
           0
           0
        3200   17.1845703    
           0
           0
           0
           0
        3250   18.0186157    
           0
           0
           0
           0
        3300   18.8070984    
           0
           0
           0
           0
        3350   19.5495911    
           0
           0
           0
           0
        3400   20.4776306    
           0
           0
           0
           0
        3450   21.4635925    
           0
           0
           0
           0
        3500   22.1208191    
           0
           0
           0
           0
        3550   23.0934143    
           0
           0
           0
           0
        3600   24.2045593    
           0
           0
           0
           0
        3650   25.0397949    
           0
           0
           0
           0
        3700   25.8712158    
           0
           0
           0
           0
        3750   27.4460449    
           0
           0
           0
           0
        3800   28.1671143    
           0
           0
           0
           0
        3850   29.4283447    
           0
           0
           0
           0
        3900   30.4204102    
           0
           0
           0
           0
        3950   31.6691895    
           0
           0
           0
           0
        4000   32.5563965    
           0
           0
           0
           0
        4050   33.9942627    
           0
           0
           0
           0
        4100   34.8957520    
           0
           0
           0
           0
        4150   36.1798096    
           0
           0
           0
           0
        4200   38.0835571    
           0
           0
           0
           0
        4250   39.0591431    
           0
           0
           0
           0
        4300   40.4001465    
           0
           0
           0
           0
        4350   41.8084717    
           0
           0
           0
           0
        4400   43.1160278    
           0
           0
           0
           0
        4450   44.7602539    
           0
           0
           0
           0
        4500   45.9860840    
           0
           0
           0
           0
        4550   47.9747314    
           0
           0
           0
           0
        4600   49.2198486    
           0
           0
           0
           0
        4650   51.2440186    
           0
           0
           0
           0
        4700   52.4904785    
           0
           0
           0
           0
        4750   54.0573730    
           0
           0
           0
           0
        4800   55.7904053    
           0
           0
           0
           0
        4850   58.0908203    
           0
           0
           0
           0
        4900   59.1680908    
           0
           0
           0
           0
        4950   60.8516846    
           0
           0
           0
           0
        5000   62.7387695    
