          500   0.1474031792022288     
         1000   2.7785821817815304E-002
         1500   3.9058682043105364E-002
         2000   5.3291148971766233E-002
         2500   7.0962310303002596E-002
         3000   9.1927642002701759E-002
         3500   0.1265553720295429     
         4000   0.1586694773286581     
         4500   0.2053567450493574     
         5000   0.2517890720628202     
         5500   0.2920120069757104     
         6000   0.3367906818166375     
         6500   0.4450666848570108     
         7000   0.4864209112711251     
         7500   0.5678310911171138     
         8000   0.6421373328194022     
         8500   0.7805058611556888     
         9000   0.8643576772883534     
         9500   0.9473022972233593     
        10000    1.052702527027577     
        10500    1.241316057275981     
        11000    1.374788296408951     
        11500    1.531293230131269     
        12000    1.619804529938847     
        12500    1.867179430089891     
