          500   0.1330127380788326     
         1000   3.1862471252679825E-002
         1500   4.2600609362125397E-002
         2000   6.0055948793888092E-002
         2500   7.8165827319025993E-002
         3000   9.8474586382508278E-002
         3500   0.1251617446541786     
         4000   0.1649136785417795     
         4500   0.2020404450595379     
         5000   0.2589230630546808     
         5500   0.3005366921424866     
         6000   0.3508311528712511     
         6500   0.4511675462126732     
         7000   0.5092932004481554     
         7500   0.6264219172298908     
         8000   0.6539776492863894     
         8500   0.7850164752453566     
         9000   0.8772832006216049     
         9500   0.9443131797015667     
        10000    1.041752750054002     
        10500    1.264473171904683     
        11000    1.419498305767775     
        11500    1.493387017399073     
        12000    1.605047995224595     
        12500    1.877636132761836     
