          500   0.2032446619123220     
         1000   8.7175780907273293E-002
         1500   0.1015591435134411     
         2000   0.1344937831163406     
         2500   0.1339177377521992     
         3000   0.1617879383265972     
         3500   0.1914386730641127     
         4000   0.2228939421474934     
         4500   0.2896343097090721     
         5000   0.3107014987617731     
         5500   0.3694240730255842     
         6000   0.4277917332947254     
         6500   0.4803850743919611     
         7000   0.5386914908885956     
         7500   0.6389254443347454     
         8000   0.7069533504545689     
         8500   0.7956498954445124     
         9000   0.9263754189014435     
         9500    1.011453766375780     
        10000    1.125000154599547     
        10500    1.229315131902695     
        11000    1.320354998111725     
        11500    1.468663830310106     
        12000    1.572369676083326     
        12500    1.741167822852731     
