          500   0.3566742790862918     
         1000   0.1118111088871956     
         1500   0.1521310871466994     
         2000   0.2139369132928550     
         2500   0.2764422129839659     
         3000   0.3702805326320231     
         3500   0.4825311070308089     
         4000   0.6072256150655448     
         4500   0.7533406522125006     
         5000   0.9168139388784766     
         5500    1.079331120010465     
         6000    1.282393917907029     
         6500    1.504090307280421     
         7000    1.749166773166507     
         7500    1.970551958307624     
         8000    2.255635566078126     
         8500    2.547651099972427     
         9000    2.924600244034082     
         9500    3.163851677905768     
        10000    3.503052191808820     
        10500    3.872377856168896     
        11000    4.244227121118456     
        11500    4.654006582219154     
        12000    5.090362493880093     
        12500    5.561587723903358     
