          500   0.2416568733751774     
         1000   1.9967362284660339E-002
         1500   3.2373439520597458E-002
         2000   5.3174166008830070E-002
         2500   8.3454038947820663E-002
         3000   0.1119510326534510     
         3500   0.1735227676108479     
         4000   0.2183739645406604     
         4500   0.3010056456550956     
         5000   0.3474069079384208     
         5500   0.4983801897615194     
         6000   0.5814352193847299     
         6500   0.7083105584606528     
         7000   0.8044186308979988     
         7500    1.029974632896483     
         8000    1.134462341666222     
         8500    1.452287006191909     
         9000    1.511352314613760     
         9500    1.830145309679210     
        10000    2.051250080578029     
        10500    2.338104884140193     
        11000    2.549413514323533     
        11500    3.052787753753364     
        12000    3.289732549339533     
        12500    3.833172718994319     
