          500   0.2335548870032653     
         1000   5.7602804037742317E-002
         1500   9.9399114027619362E-002
         2000   0.1706767430296168     
         2500   0.2591393849579617     
         3000   0.3771871289936826     
         3500   0.4921109189745039     
         4000   0.6422592559829354     
         4500   0.8546001339564100     
         5000    1.022736525046639     
         5500    1.298990834970027     
         6000    1.521300224005245     
         6500    1.788215854088776     
         7000    2.090902738971636     
         7500    2.475452953949571     
         8000    2.777314318926074     
         8500    3.307249958976172     
         9000    3.695927599095739     
         9500    4.246995833935216     
        10000    4.621833160985261     
        10500    5.395480343024246     
        11000    5.718506722012535     
        11500    6.436329224961810     
        12000    7.028314089053310     
        12500    7.966589719988406     
