          500   0.2140805441886187     
         1000   8.9420404285192490E-002
         1500   9.8207937553524971E-002
         2000   0.1151700057089329     
         2500   0.1361419297754765     
         3000   0.1855767499655485     
         3500   0.1923486627638340     
         4000   0.2284190207719803     
         4500   0.2671695649623871     
         5000   0.3812365587800741     
         5500   0.3725361712276936     
         6000   0.4107174687087536     
         6500   0.4699417483061552     
         7000   0.5505825486034155     
         7500   0.6271533928811550     
         8000   0.6915493570268154     
         8500   0.8162332475185394     
         9000   0.9210256859660149     
         9500    1.021985242143273     
        10000    1.096983963623643     
        10500    1.242552462965250     
        11000    1.366988305002451     
        11500    1.470945840701461     
        12000    1.567686041817069     
        12500    1.725883746519685     
