          500   0.2160260342061520     
         1000   8.8522054255008698E-002
         1500   9.7300920635461807E-002
         2000   0.1123135127127171     
         2500   0.1335486546158791     
         3000   0.1589310877025127     
         3500   0.1919923480600119     
         4000   0.2289939634501934     
         4500   0.2660085186362267     
         5000   0.3052526284009218     
         5500   0.3581969011574984     
         6000   0.4616591762751341     
         6500   0.4761581663042307     
         7000   0.5561698954552412     
         7500   0.6344154886901379     
         8000   0.6802153885364532     
         8500   0.7824770789593458     
         9000   0.9025463797152042     
         9500    1.015369633212686     
        10000    1.096245188266039     
        10500    1.196797149255872     
        11000    1.330581894144416     
        11500    1.419332774356008     
        12000    1.593374837189913     
        12500    1.723731368780136     
