           50    7.909730372950435     
          100    14.38450470694806     
          150    21.92770453600679     
          200    29.45451901794877     
          250    37.14594731607940     
          300    45.00801719503943     
          350    53.74782108503859     
          400    62.20559005206451     
          450    71.30124993505888     
          500    79.80655124504119     
          550    89.06672051805072     
          600    99.35966367204674     
          650    109.3619580829982     
          700    119.9299711029744     
          750    131.3367640259676     
          800    146.0827549180249     
          850    156.5853264989564     
          900    168.5791079690680     
          950    183.6372106139315     
         1000    198.7063924679533     
         1050    214.8016783759231     
         1100    230.7836709620897     
         1150    248.7087318230188     
         1200    273.6506689810194     
         1250    293.9749135329621     
         1300    314.2378281180281     
         1350    339.6793660951080     
         1400    375.8268382210517     
         1450    405.4623062069295     
         1500    439.4060372010572     
         1550    472.5543469319819     
         1600    516.5747879770352     
         1650    551.7756074620411     
         1700    600.9287092291052     
         1750    647.1227187979966     
         1800    694.9843875389779     
         1850    741.8799367380561     
         1900    797.7440072050085     
         1950    850.8670156180160     
         2000    921.0391012200853     
         2050    970.1381594969425     
         2100    1030.234694999992     
         2150    1106.747807767941     
         2200    1180.930650830967     
         2250    1249.665628858027     
         2300    1309.064811190008     
         2350    1378.350274492987     
         2400    1493.803749780986     
         2450    1566.447993570939     
         2500    1656.291672230931     
         2550    1721.997288736980     
         2600    1825.890116569004     
         2650    1946.312389450963     
         2700    2030.822176835965     
         2750    2157.224334693048     
