           50    11.95662117563188     
          100    22.88542533665895     
          150    35.45087060518563     
          200    48.95811026543379     
          250    60.98045423254371     
          300    75.79560060985386     
          350    89.78156365826726     
          400    103.8944521993399     
          450    121.0262183789164     
          500    135.9201650135219     
          550    151.9399546645582     
          600    169.1223852280527     
          650    188.5229453798383     
          700    205.3469614349306     
          750    225.6280416585505     
          800    247.7887744344771     
          850    269.8378316275775     
          900    291.6459102258086     
          950    313.3911579232663     
         1000    333.7612744476646     
         1050    361.3047632277012     
         1100    390.0348516330123     
         1150    415.4330660104752     
         1200    439.8848743718117     
         1250    474.2902983371168     
         1300    497.8014510497451     
         1350    532.2035218421370     
         1400    563.7109380327165     
         1450    599.0626226048917     
         1500    633.1721244677901     
         1550    741.0309330374002     
         1600    783.1280765458941     
         1650    829.5834691002965     
         1700    877.7271522916853     
         1750    921.9282957594842     
         1800    963.4710719734430     
         1850    1020.961458921432     
         1900    1198.184292182326     
         1950    1146.082939112559     
         2000    1170.986125221476     
         2050    1267.289777627215     
         2100    1309.952608207241     
         2150    1394.951025096700     
         2200    1453.155946476385     
         2250    1531.709699476138     
         2300    1596.663152335212     
         2350    1668.154271824285     
         2400    1719.561355324462     
         2450    1848.784832049161     
         2500    1917.011781349778     
         2550    2020.533476419747     
