           50    5.228449744870886     
          100    10.90237763500772     
          150    16.35186356096528     
          200    21.98995499894954     
          250    27.74162940517999     
          300    33.89045395306312     
          350    39.94281597482041     
          400    46.37187256198376     
          450    52.53080902993679     
          500    59.45939146587625     
          550    66.86640334501863     
          600    73.97664848482236     
          650    81.29704073187895     
          700    89.31685326085426     
          750    98.63977751205675     
          800    107.1843027230352     
          850    116.3848567851819     
          900    126.9218647701200     
          950    139.1031613820232     
         1000    153.2524572839029     
         1050    166.5100025648717     
         1100    181.6336955539882     
         1150    199.7727108660620     
         1200    215.7567988990340     
         1250    233.5865651499480     
         1300    250.2641727919690     
         1350    269.8023098979611     
         1400    288.8854797109962     
         1450    337.2124248868786     
         1500    361.1005202848464     
         1550    387.7594479399268     
         1600    413.8325209959876     
         1650    445.8707778449170     
         1700    477.6398073208984     
         1750    510.8817459361162     
         1800    548.2668105999473     
         1850    583.4507513497956     
         1900    621.9931001721416     
         1950    662.4958015920129     
         2000    698.1809274728876     
         2050    736.6964488101657     
         2100    781.8333549981471     
         2150    836.4434501109645     
         2200    886.3388178241439     
         2250    930.0814934030641     
         2300    978.1287672738545     
         2350    1031.590003147954     
         2400    1095.255426554941     
         2450    1154.481931487098     
         2500    1216.276745330077     
         2550    1276.514863154152     
         2600    1344.764506760053     
         2650    1402.191066996893     
         2700    1479.879793665837     
         2750    1545.257810801966     
         2800    1627.094616553979     
         2850    1702.745789661072     
         2900    1774.170349017950     
         2950    1865.478153367992     
         3000    1948.087845128961     
