           50    9.583525918424129     
          100    18.78009469434619     
          150    28.89444890245795     
          200    39.26346910744905     
          250    49.85084176994860     
          300    60.26333467662334     
          350    70.49968217499554     
          400    81.93039617314935     
          450    92.33077651262283     
          500    103.8227105308324     
          550    115.1006778534502     
          600    125.7571279816329     
          650    137.7314140927047     
          700    150.0755066256970     
          750    162.7263568025082     
          800    175.9418416600674     
          850    189.7822961062193     
          900    202.5619982797652     
          950    216.8720470145345     
         1000    233.0791296828538     
         1050    249.4618781134486     
         1100    263.7246015015990     
         1150    279.3975634314120     
         1200    296.5744757242501     
         1250    314.3993856105953     
         1300    331.9615563005209     
         1350    350.0577028542757     
         1400    377.1756572779268     
         1450    392.6243275254965     
         1500    411.4816099833697     
         1550    433.3646235428751     
         1600    456.3344654552639     
         1650    476.5433138385415     
         1700    500.7559680286795     
         1750    525.9613334722817     
         1800    550.9454027321190     
         1850    571.4644031580538     
         1900    604.1862397212535     
         1950    630.2425442505628     
         2000    691.9488300904632     
         2050    731.8065392896533     
         2100    775.7656859122217     
         2150    806.6492446754128     
         2200    847.4662613738328     
         2250    884.1852179747075     
         2300    954.8631431944668     
         2350    992.9323980472982     
         2400    1034.164990939200     
         2450    1082.314978348091     
         2500    1111.485811281949     
         2550    1158.975482869893     
         2600    1194.276418551803     
         2650    1232.653678193688     
         2700    1288.369096608832     
         2750    1346.268831023946     
         2800    1436.710390854627     
         2850    1537.338169375435     
         2900    1684.630901603028     
         2950    1750.610476003960     
         3000    1812.291394259781     
