Successfully retrieved statistics for job: 4004527. 
+------------------------------------------------------------------------------+
| GPU ID: 0                                                                    |
+====================================+=========================================+
|-----  Execution Stats  ------------+-----------------------------------------|
| Start Time                         | Mon Aug  9 17:09:20 2021                |
| End Time                           | Tue Aug 10 03:09:44 2021                |
| Total Execution Time (sec)         | 36023.2                                 |
| No. of Processes                   | 2                                       |
+-----  Performance Stats  ----------+-----------------------------------------+
| Energy Consumed (Joules)           | 207586                                  |
| Power Usage (Watts)                | Avg: 59.0008, Max: 66.132, Min: 56.879  |
| Max GPU Memory Used (bytes)        | 581959680                               |
| SM Clock (MHz)                     | Avg: 1312, Max: 1312, Min: 1312         |
| Memory Clock (MHz)                 | Avg: 877, Max: 877, Min: 877            |
| SM Utilization (%)                 | Avg: 3, Max: 9, Min: 0                  |
| Memory Utilization (%)             | Avg: 0, Max: 1, Min: 0                  |
| PCIe Rx Bandwidth (megabytes)      | Avg: N/A, Max: N/A, Min: N/A            |
| PCIe Tx Bandwidth (megabytes)      | Avg: N/A, Max: N/A, Min: N/A            |
+-----  Event Stats  ----------------+-----------------------------------------+
| Single Bit ECC Errors              | 0                                       |
| Double Bit ECC Errors              | 0                                       |
| PCIe Replay Warnings               | 0                                       |
| Critical XID Errors                | 0                                       |
+-----  Slowdown Stats  -------------+-----------------------------------------+
| Due to - Power (%)                 | 0                                       |
|        - Thermal (%)               | 0                                       |
|        - Reliability (%)           | Not Supported                           |
|        - Board Limit (%)           | Not Supported                           |
|        - Low Utilization (%)       | Not Supported                           |
|        - Sync Boost (%)            | 0                                       |
+--  Compute Process Utilization  ---+-----------------------------------------+
| PID                                | 104150                                  |
|     Avg SM Utilization (%)         | 2                                       |
|     Avg Memory Utilization (%)     | 0                                       |
+--  Graphics Process Utilization  ---+-----------------------------------------+
| PID                                | 29428                                   |
|     Avg SM Utilization (%)         | Not Found                               |
|     Avg Memory Utilization (%)     | Not Found                               |
+-----  Overall Health  -------------+-----------------------------------------+
| Overall Health                     | Healthy                                 |
+------------------------------------+-----------------------------------------+

+------------------------------------------------------------------------------+
| GPU ID: 1                                                                    |
+====================================+=========================================+
|-----  Execution Stats  ------------+-----------------------------------------|
| Start Time                         | Mon Aug  9 17:09:20 2021                |
| End Time                           | Tue Aug 10 03:09:44 2021                |
| Total Execution Time (sec)         | 36023.2                                 |
| No. of Processes                   | 2                                       |
+-----  Performance Stats  ----------+-----------------------------------------+
| Energy Consumed (Joules)           | 205917                                  |
| Power Usage (Watts)                | Avg: 57.5881, Max: 58.836, Min: 57.368  |
| Max GPU Memory Used (bytes)        | 554696704                               |
| SM Clock (MHz)                     | Avg: 1312, Max: 1312, Min: 1312         |
| Memory Clock (MHz)                 | Avg: 877, Max: 877, Min: 877            |
| SM Utilization (%)                 | Avg: 2, Max: 6, Min: 0                  |
| Memory Utilization (%)             | Avg: 0, Max: 1, Min: 0                  |
| PCIe Rx Bandwidth (megabytes)      | Avg: N/A, Max: N/A, Min: N/A            |
| PCIe Tx Bandwidth (megabytes)      | Avg: N/A, Max: N/A, Min: N/A            |
+-----  Event Stats  ----------------+-----------------------------------------+
| Single Bit ECC Errors              | 0                                       |
| Double Bit ECC Errors              | 0                                       |
| PCIe Replay Warnings               | 0                                       |
| Critical XID Errors                | 0                                       |
+-----  Slowdown Stats  -------------+-----------------------------------------+
| Due to - Power (%)                 | 0                                       |
|        - Thermal (%)               | 0                                       |
|        - Reliability (%)           | Not Supported                           |
|        - Board Limit (%)           | Not Supported                           |
|        - Low Utilization (%)       | Not Supported                           |
|        - Sync Boost (%)            | 0                                       |
+--  Compute Process Utilization  ---+-----------------------------------------+
| PID                                | 104150                                  |
|     Avg SM Utilization (%)         | 1                                       |
|     Avg Memory Utilization (%)     | 0                                       |
+--  Graphics Process Utilization  ---+-----------------------------------------+
| PID                                | 29429                                   |
|     Avg SM Utilization (%)         | Not Found                               |
|     Avg Memory Utilization (%)     | Not Found                               |
+-----  Overall Health  -------------+-----------------------------------------+
| Overall Health                     | Healthy                                 |
+------------------------------------+-----------------------------------------+

+------------------------------------------------------------------------------+
| GPU ID: 2                                                                    |
+====================================+=========================================+
|-----  Execution Stats  ------------+-----------------------------------------|
| Start Time                         | Mon Aug  9 17:09:20 2021                |
| End Time                           | Tue Aug 10 03:09:44 2021                |
| Total Execution Time (sec)         | 36023.2                                 |
| No. of Processes                   | 2                                       |
+-----  Performance Stats  ----------+-----------------------------------------+
| Energy Consumed (Joules)           | 197622                                  |
| Power Usage (Watts)                | Avg: 55.4173, Max: 56.426, Min: 54.922  |
| Max GPU Memory Used (bytes)        | 554696704                               |
| SM Clock (MHz)                     | Avg: 1312, Max: 1312, Min: 1312         |
| Memory Clock (MHz)                 | Avg: 877, Max: 877, Min: 877            |
| SM Utilization (%)                 | Avg: 2, Max: 6, Min: 0                  |
| Memory Utilization (%)             | Avg: 0, Max: 1, Min: 0                  |
| PCIe Rx Bandwidth (megabytes)      | Avg: N/A, Max: N/A, Min: N/A            |
| PCIe Tx Bandwidth (megabytes)      | Avg: N/A, Max: N/A, Min: N/A            |
+-----  Event Stats  ----------------+-----------------------------------------+
| Single Bit ECC Errors              | 0                                       |
| Double Bit ECC Errors              | 0                                       |
| PCIe Replay Warnings               | 0                                       |
| Critical XID Errors                | 0                                       |
+-----  Slowdown Stats  -------------+-----------------------------------------+
| Due to - Power (%)                 | 0                                       |
|        - Thermal (%)               | 0                                       |
|        - Reliability (%)           | Not Supported                           |
|        - Board Limit (%)           | Not Supported                           |
|        - Low Utilization (%)       | Not Supported                           |
|        - Sync Boost (%)            | 0                                       |
+--  Compute Process Utilization  ---+-----------------------------------------+
| PID                                | 104150                                  |
|     Avg SM Utilization (%)         | 1                                       |
|     Avg Memory Utilization (%)     | 0                                       |
+--  Graphics Process Utilization  ---+-----------------------------------------+
| PID                                | 29430                                   |
|     Avg SM Utilization (%)         | Not Found                               |
|     Avg Memory Utilization (%)     | Not Found                               |
+-----  Overall Health  -------------+-----------------------------------------+
| Overall Health                     | Healthy                                 |
+------------------------------------+-----------------------------------------+

+------------------------------------------------------------------------------+
| GPU ID: 3                                                                    |
+====================================+=========================================+
|-----  Execution Stats  ------------+-----------------------------------------|
| Start Time                         | Mon Aug  9 17:09:20 2021                |
| End Time                           | Tue Aug 10 03:09:44 2021                |
| Total Execution Time (sec)         | 36023.2                                 |
| No. of Processes                   | 2                                       |
+-----  Performance Stats  ----------+-----------------------------------------+
| Energy Consumed (Joules)           | 208059                                  |
| Power Usage (Watts)                | Avg: 58.4374, Max: 59.325, Min: 57.857  |
| Max GPU Memory Used (bytes)        | 554696704                               |
| SM Clock (MHz)                     | Avg: 1312, Max: 1312, Min: 1312         |
| Memory Clock (MHz)                 | Avg: 877, Max: 877, Min: 877            |
| SM Utilization (%)                 | Avg: 2, Max: 5, Min: 0                  |
| Memory Utilization (%)             | Avg: 0, Max: 1, Min: 0                  |
| PCIe Rx Bandwidth (megabytes)      | Avg: N/A, Max: N/A, Min: N/A            |
| PCIe Tx Bandwidth (megabytes)      | Avg: N/A, Max: N/A, Min: N/A            |
+-----  Event Stats  ----------------+-----------------------------------------+
| Single Bit ECC Errors              | 0                                       |
| Double Bit ECC Errors              | 0                                       |
| PCIe Replay Warnings               | 0                                       |
| Critical XID Errors                | 0                                       |
+-----  Slowdown Stats  -------------+-----------------------------------------+
| Due to - Power (%)                 | 0                                       |
|        - Thermal (%)               | 0                                       |
|        - Reliability (%)           | Not Supported                           |
|        - Board Limit (%)           | Not Supported                           |
|        - Low Utilization (%)       | Not Supported                           |
|        - Sync Boost (%)            | 0                                       |
+--  Compute Process Utilization  ---+-----------------------------------------+
| PID                                | 104150                                  |
|     Avg SM Utilization (%)         | 1                                       |
|     Avg Memory Utilization (%)     | 0                                       |
+--  Graphics Process Utilization  ---+-----------------------------------------+
| PID                                | 29431                                   |
|     Avg SM Utilization (%)         | Not Found                               |
|     Avg Memory Utilization (%)     | Not Found                               |
+-----  Overall Health  -------------+-----------------------------------------+
| Overall Health                     | Healthy                                 |
+------------------------------------+-----------------------------------------+

